2024-09-26 14:46:06,560 INFO:Starting scrape for http://www.kiessling-spedition.de/
2024-09-26 14:46:06,560 DEBUG:Scraping job ads from http://www.kiessling-spedition.de/
2024-09-26 14:46:06,598 DEBUG:Starting new HTTP connection (1): www.kiessling-spedition.de:80
2024-09-26 14:46:06,671 DEBUG:http://www.kiessling-spedition.de:80 "GET / HTTP/1.1" 301 162
2024-09-26 14:46:06,675 DEBUG:Starting new HTTPS connection (1): www.kiessling-spedition.de:443
2024-09-26 14:46:07,085 DEBUG:https://www.kiessling-spedition.de:443 "GET / HTTP/1.1" 200 12243
2024-09-26 14:46:07,132 INFO:Job ads found in https://www.kiessling-spedition.de/:
2024-09-26 14:46:07,132 INFO: - Sachbearbeiter Kundenservice (m/w/d)
2024-09-26 14:46:07,132 INFO: - Lagermitarbeiter Spätschicht (m/w/d)
2024-09-26 14:46:07,132 INFO: - Lagermitarbeiter Nachtschicht (m/w/d)
2024-09-26 14:46:07,132 INFO: - Kommissionierer / Staplerfahrer (m/w/d)
2024-09-26 14:46:07,132 INFO: - Transportunternehmer - Fahrzeuggröße bis 3,5t (m/w/d)
2024-09-26 14:46:07,132 INFO: - Kaufmann / Kauffrau für Spedition und Logistikdienstleistung (m/w/d)
2024-09-26 14:46:07,132 INFO: - Fachkraft für Lagerlogistik (m/w/d)
2024-09-26 14:46:07,132 INFO: - Kaufmann / Kauffrau für Büromanagement (m/w/d)
2024-09-26 14:46:07,132 INFO:Starting scrape for https://air-sys.de/
2024-09-26 14:46:07,133 DEBUG:Scraping job ads from https://air-sys.de/
2024-09-26 14:46:07,176 DEBUG:Starting new HTTPS connection (1): air-sys.de:443
2024-09-26 14:46:09,679 DEBUG:https://air-sys.de:443 "GET / HTTP/1.1" 200 None
2024-09-26 14:46:09,711 INFO:No job ads found in https://air-sys.de/, scraping for links.
2024-09-26 14:46:09,713 DEBUG:Starting new HTTPS connection (1): air-sys.de:443
2024-09-26 14:46:11,809 DEBUG:https://air-sys.de:443 "GET / HTTP/1.1" 200 None
2024-09-26 14:46:11,834 INFO:Starting scrape for https://www.trixitt.de/jobs
2024-09-26 14:46:11,834 DEBUG:Scraping job ads from https://www.trixitt.de/jobs
2024-09-26 14:46:11,875 DEBUG:Starting new HTTPS connection (1): www.trixitt.de:443
2024-09-26 14:46:12,744 DEBUG:https://www.trixitt.de:443 "GET /jobs HTTP/1.1" 200 None
2024-09-26 14:46:12,897 INFO:Job ads found in https://www.trixitt.de/jobs:
2024-09-26 14:46:12,898 INFO: - 2024 begeistern wir mit unseren Sportevents deutschlandweit schon über 300.000 Schüler*innen von der 1. Klasse bis zur Berufsschule.
2024-09-26 14:46:12,898 INFO: - Du pflegst alle deine Aktivitäten und Kontaktdaten deiner Ansprechpartner*innen sorgfältig in unserem CRM-System
2024-09-26 14:46:12,898 INFO: - Du liebst Akquise und die Kommunikation mit anspruchsvollen Gesprächspartner*innen
2024-09-26 14:46:12,898 INFO: - Du überzeugst Schulleiter*innen und Lehrer*innen mit deiner Begeisterung für TRIXITT, deinem Charme und deiner Kompetenz
2024-09-26 14:46:12,898 INFO: - Durchführung unserer Sportevents und ggfs. Schwimmprojekte als Teamer*in in NRW und ganz
2024-09-26 14:46:12,898 INFO: - Eventplanung: Basierend auf deinen Erfahrungen als Teamer*in planst du eigenverantwortlich
2024-09-26 14:46:12,898 INFO: - Du inspirierst mit Humor und Know-How Schüler*innen und Lehrer*innen
2024-09-26 14:46:12,898 INFO: - Sportwissenschaften, Sportmanagement, Lehramt oder bist aktiv als Übungsleiter*in oder
2024-09-26 14:46:12,898 INFO: - Trainer*in im Verein. Auch talentierte Quereinsteiger*innen sind uns herzlich willkommen!
2024-09-26 14:46:12,899 INFO: - Du pflegst alle deine Aktivitäten und Kontaktdaten deiner Ansprechpartner*innen sorgfältig in unserem CRM-System
2024-09-26 14:46:12,899 INFO: - Du liebst Akquise und die Kommunikation mit anspruchsvollen Gesprächspartner*innen
2024-09-26 14:46:12,900 INFO:Starting scrape for http://www.evmberlin.de
2024-09-26 14:46:12,900 DEBUG:Scraping job ads from http://www.evmberlin.de
2024-09-26 14:46:12,928 DEBUG:Starting new HTTP connection (1): www.evmberlin.de:80
2024-09-26 14:46:13,002 DEBUG:http://www.evmberlin.de:80 "GET / HTTP/1.1" 301 233
2024-09-26 14:46:13,005 DEBUG:Starting new HTTPS connection (1): www.evmberlin.de:443
2024-09-26 14:46:13,408 DEBUG:https://www.evmberlin.de:443 "GET / HTTP/1.1" 200 None
2024-09-26 14:46:13,506 INFO:No job ads found in https://www.evmberlin.de/, scraping for links.
2024-09-26 14:46:13,508 DEBUG:Starting new HTTPS connection (1): www.evmberlin.de:443
2024-09-26 14:46:13,894 DEBUG:https://www.evmberlin.de:443 "GET / HTTP/1.1" 200 None
2024-09-26 14:46:13,980 DEBUG:Found link: https://www.evmberlin.de/stellenangebote/#angebote with text: zu unseren stellenangeboten
2024-09-26 14:46:13,980 DEBUG:Found link: https://www.evmberlin.de/stellenangebote/ with text: karriere
2024-09-26 14:46:13,980 DEBUG:Scraping job ads from https://www.evmberlin.de/stellenangebote/#angebote
2024-09-26 14:46:13,982 DEBUG:Starting new HTTPS connection (1): www.evmberlin.de:443
2024-09-26 14:46:14,336 DEBUG:https://www.evmberlin.de:443 "GET /stellenangebote/ HTTP/1.1" 200 None
2024-09-26 14:46:14,409 INFO:No job ads found in https://www.evmberlin.de/stellenangebote/#angebote, scraping for links.
2024-09-26 14:46:14,411 DEBUG:Starting new HTTPS connection (1): www.evmberlin.de:443
2024-09-26 14:46:14,792 DEBUG:https://www.evmberlin.de:443 "GET /stellenangebote/ HTTP/1.1" 200 None
2024-09-26 14:46:14,865 DEBUG:Found link: https://www.evmberlin.de/stellenangebote/ with text: karriere
2024-09-26 14:46:14,865 DEBUG:Scraping job ads from https://www.evmberlin.de/stellenangebote/
2024-09-26 14:46:14,867 DEBUG:Starting new HTTPS connection (1): www.evmberlin.de:443
2024-09-26 14:46:15,204 DEBUG:https://www.evmberlin.de:443 "GET /stellenangebote/ HTTP/1.1" 200 None
2024-09-26 14:46:15,271 INFO:No job ads found in https://www.evmberlin.de/stellenangebote/, scraping for links.
2024-09-26 14:46:15,273 DEBUG:Starting new HTTPS connection (1): www.evmberlin.de:443
2024-09-26 14:46:15,638 DEBUG:https://www.evmberlin.de:443 "GET /stellenangebote/ HTTP/1.1" 200 None
2024-09-26 14:46:15,721 DEBUG:Found link: https://www.evmberlin.de/stellenangebote/ with text: karriere
2024-09-26 14:46:15,721 DEBUG:Already visited https://www.evmberlin.de/stellenangebote/, skipping.
2024-09-26 14:46:15,722 DEBUG:Already visited https://www.evmberlin.de/stellenangebote/, skipping.
2024-09-26 14:46:15,722 INFO:Starting scrape for http://www.schweiger-gmbh.com
2024-09-26 14:46:15,722 DEBUG:Scraping job ads from http://www.schweiger-gmbh.com
2024-09-26 14:46:15,769 DEBUG:Starting new HTTP connection (1): www.schweiger-gmbh.com:80
2024-09-26 14:46:15,818 DEBUG:http://www.schweiger-gmbh.com:80 "GET / HTTP/1.1" 301 162
2024-09-26 14:46:15,862 DEBUG:Starting new HTTP connection (1): www.schweiger-group.de:80
2024-09-26 14:46:16,016 DEBUG:http://www.schweiger-group.de:80 "GET / HTTP/1.1" 200 14659
2024-09-26 14:46:16,076 INFO:No job ads found in http://www.schweiger-group.de/, scraping for links.
2024-09-26 14:46:16,078 DEBUG:Starting new HTTP connection (1): www.schweiger-group.de:80
2024-09-26 14:46:16,191 DEBUG:http://www.schweiger-group.de:80 "GET / HTTP/1.1" 200 14659
2024-09-26 14:46:16,249 DEBUG:Found link: /unternehmen with text: unternehmen
2024-09-26 14:46:16,250 DEBUG:Found link: /karriere with text: jobs
2024-09-26 14:46:16,250 DEBUG:Found link: /unternehmen with text: zur unternehmenübersicht
2024-09-26 14:46:16,251 DEBUG:Scraping job ads from http://www.schweiger-group.de/unternehmen
2024-09-26 14:46:16,252 DEBUG:Starting new HTTP connection (1): www.schweiger-group.de:80
2024-09-26 14:46:19,070 DEBUG:http://www.schweiger-group.de:80 "GET /unternehmen HTTP/1.1" 200 13925
2024-09-26 14:46:19,154 INFO:No job ads found in http://www.schweiger-group.de/unternehmen, scraping for links.
2024-09-26 14:46:19,156 DEBUG:Starting new HTTP connection (1): www.schweiger-group.de:80
2024-09-26 14:46:19,314 DEBUG:http://www.schweiger-group.de:80 "GET /unternehmen HTTP/1.1" 200 13925
2024-09-26 14:46:19,389 DEBUG:Found link: /unternehmen with text: unternehmen
2024-09-26 14:46:19,389 DEBUG:Found link: /karriere with text: jobs
2024-09-26 14:46:19,390 DEBUG:Found link: #history-1060 with text: 2005eintritt von dipl.-ing. (fh) dr. christoph schweiger im jahre 2005 um die weiterführung des unternehmens auch in zweiter generation zu sichern.
2024-09-26 14:46:19,390 DEBUG:Found link: #history-1051 with text: 1982gründung des unternehmens in holzkirchen durch albert schweiger.
2024-09-26 14:46:19,391 DEBUG:Already visited http://www.schweiger-group.de/unternehmen, skipping.
2024-09-26 14:46:19,391 DEBUG:Scraping job ads from http://www.schweiger-group.de/karriere
2024-09-26 14:46:19,392 DEBUG:Starting new HTTP connection (1): www.schweiger-group.de:80
2024-09-26 14:46:20,525 DEBUG:http://www.schweiger-group.de:80 "GET /karriere HTTP/1.1" 200 8027
2024-09-26 14:46:20,558 INFO:Job ads found in http://www.schweiger-group.de/karriere:
2024-09-26 14:46:20,558 INFO: - OEM Vertriebsaußendienst Kabelkonfektion (w/m/d)
2024-09-26 14:46:20,558 INFO: - Vertriebsmitarbeiter mit Außendiensttätigkeit - Wirtschaftsraum Augsburg, Oberbayern (w/m/d)
2024-09-26 14:46:20,558 INFO: - Schaltschrank Verdrahter (w/m/d)
2024-09-26 14:46:20,558 INFO: - Servicetechniker im Außendienst (m/w/d)   Bereich öffentlicher Personennahverkehr
2024-09-26 14:46:20,558 INFO: - Personaldisponent für Zeitarbeit (w/m/d)
2024-09-26 14:46:20,558 INFO: - Mechaniker*in im Montageteam - Haupteinsatz Instandhaltung Pressenwerk Schweinfurt (w/m/d)
2024-09-26 14:46:20,558 INFO: - Vertriebsmitarbeiter mit Außendiensttätigkeit - Gebiet Baden-Württemberg (w/m/d)
2024-09-26 14:46:20,558 INFO: - Elektriker*in mit 4-Tage-Woche, 38 Wochenstunden (m/w/d)
2024-09-26 14:46:20,558 INFO: - Elektriker*in im Montageteam (w/m/d)
2024-09-26 14:46:20,559 INFO: - Mechaniker*in im Montageteam (w/m/d)
2024-09-26 14:46:20,559 INFO: - Vertriebsmitarbeiter mit Außendiensttätigkeit - Gebiet Südbayern, Schwaben, Österreich (w/m/d)
2024-09-26 14:46:20,559 INFO: - Robotic Sales Account Executive - Robotic (m/w/d)
2024-09-26 14:46:20,559 INFO: - Data-Specialist (w/m/d)
2024-09-26 14:46:20,559 INFO: - Elektriker*in (w/m/d)
2024-09-26 14:46:20,559 INFO: - Roboterprogrammierer / Software Application Engineer / Programmierer Robotik - Cobots (m/w/d)
2024-09-26 14:46:20,559 INFO: - Ausbildung zum Kaufmann/frau für Groß- und Außenhandelsmanagement (w/m/d)
2024-09-26 14:46:20,559 DEBUG:Scraping job ads from http://www.schweiger-group.de/unternehmen#history-1060
2024-09-26 14:46:20,561 DEBUG:Starting new HTTP connection (1): www.schweiger-group.de:80
2024-09-26 14:46:20,688 DEBUG:http://www.schweiger-group.de:80 "GET /unternehmen HTTP/1.1" 200 13925
2024-09-26 14:46:20,765 INFO:No job ads found in http://www.schweiger-group.de/unternehmen#history-1060, scraping for links.
2024-09-26 14:46:20,766 DEBUG:Starting new HTTP connection (1): www.schweiger-group.de:80
2024-09-26 14:46:20,886 DEBUG:http://www.schweiger-group.de:80 "GET /unternehmen HTTP/1.1" 200 13925
2024-09-26 14:46:20,959 DEBUG:Found link: /unternehmen with text: unternehmen
2024-09-26 14:46:20,959 DEBUG:Found link: /karriere with text: jobs
2024-09-26 14:46:20,959 DEBUG:Found link: #history-1060 with text: 2005eintritt von dipl.-ing. (fh) dr. christoph schweiger im jahre 2005 um die weiterführung des unternehmens auch in zweiter generation zu sichern.
2024-09-26 14:46:20,960 DEBUG:Found link: #history-1051 with text: 1982gründung des unternehmens in holzkirchen durch albert schweiger.
2024-09-26 14:46:20,960 DEBUG:Already visited http://www.schweiger-group.de/unternehmen, skipping.
2024-09-26 14:46:20,960 DEBUG:Already visited http://www.schweiger-group.de/karriere, skipping.
2024-09-26 14:46:20,960 DEBUG:Already visited http://www.schweiger-group.de/unternehmen#history-1060, skipping.
2024-09-26 14:46:20,960 DEBUG:Scraping job ads from http://www.schweiger-group.de/unternehmen#history-1051
2024-09-26 14:46:20,962 DEBUG:Starting new HTTP connection (1): www.schweiger-group.de:80
2024-09-26 14:46:21,106 DEBUG:http://www.schweiger-group.de:80 "GET /unternehmen HTTP/1.1" 200 13925
2024-09-26 14:46:21,184 INFO:No job ads found in http://www.schweiger-group.de/unternehmen#history-1051, scraping for links.
2024-09-26 14:46:21,185 DEBUG:Starting new HTTP connection (1): www.schweiger-group.de:80
2024-09-26 14:46:21,303 DEBUG:http://www.schweiger-group.de:80 "GET /unternehmen HTTP/1.1" 200 13925
2024-09-26 14:46:21,378 DEBUG:Found link: /unternehmen with text: unternehmen
2024-09-26 14:46:21,378 DEBUG:Found link: /karriere with text: jobs
2024-09-26 14:46:21,379 DEBUG:Found link: #history-1060 with text: 2005eintritt von dipl.-ing. (fh) dr. christoph schweiger im jahre 2005 um die weiterführung des unternehmens auch in zweiter generation zu sichern.
2024-09-26 14:46:21,379 DEBUG:Found link: #history-1051 with text: 1982gründung des unternehmens in holzkirchen durch albert schweiger.
2024-09-26 14:46:21,379 DEBUG:Already visited http://www.schweiger-group.de/unternehmen, skipping.
2024-09-26 14:46:21,379 DEBUG:Already visited http://www.schweiger-group.de/karriere, skipping.
2024-09-26 14:46:21,379 DEBUG:Already visited http://www.schweiger-group.de/unternehmen#history-1060, skipping.
2024-09-26 14:46:21,380 DEBUG:Already visited http://www.schweiger-group.de/unternehmen#history-1051, skipping.
2024-09-26 14:46:21,380 DEBUG:Already visited http://www.schweiger-group.de/unternehmen#history-1051, skipping.
2024-09-26 14:46:21,380 DEBUG:Already visited http://www.schweiger-group.de/karriere, skipping.
2024-09-26 14:46:21,380 DEBUG:Already visited http://www.schweiger-group.de/unternehmen, skipping.
